module_login/build/outputs/logs/manifest-merger-debug-report.txt
-- Merging decision tree log ---
manifest
ADDED from main/module/AndroidManifest.xml:2:1-23:12
	package
		ADDED from main/module/AndroidManifest.xml:3:5-39
	android:versionName
		INJECTED from main/module/AndroidManifest.xml
		INJECTED from main/module/AndroidManifest.xml
	xmlns:android
		ADDED from main/module/AndroidManifest.xml:2:11-69
	android:versionCode
		INJECTED from main/module/AndroidManifest.xml
		INJECTED from main/module/AndroidManifest.xml
application
ADDED from main/module/AndroidManifest.xml:5:5-21:19
MERGED from [EhomeNew-2.0:lib_common:unspecified] AndroidManifest.xml:24:5-20
MERGED from [com.android.support.constraint:constraint-layout:1.0.2] AndroidManifest.xml:9:5-20
MERGED from [com.tbruyelle.rxpermissions2:rxpermissions:0.9.4] AndroidManifest.xml:11:5-20
MERGED from [com.jaeger.statusbarutil:library:1.4.0] AndroidManifest.xml:11:5-20
MERGED from [com.android.support:design:26.0.0-alpha1] AndroidManifest.xml:29:5-20
MERGED from [com.android.support:transition:26.0.0-alpha1] AndroidManifest.xml:26:5-20
MERGED from [EhomeNew-2.0:lib_binding:unspecified] AndroidManifest.xml:11:5-15:19
MERGED from [EhomeNew-2.0:lib_fragmentation:unspecified] AndroidManifest.xml:11:5-20
MERGED from [com.android.support:appcompat-v7:26.0.0-alpha1] AndroidManifest.xml:29:5-20
MERGED from [com.android.support:animated-vector-drawable:26.0.0-alpha1] AndroidManifest.xml:26:5-20
MERGED from [com.android.support:support-vector-drawable:26.0.0-alpha1] AndroidManifest.xml:26:5-20
MERGED from [com.android.support:support-v4:26.0.0-alpha1] AndroidManifest.xml:29:5-20
MERGED from [com.android.support:support-media-compat:26.0.0-alpha1] AndroidManifest.xml:29:5-20
MERGED from [com.android.support:support-fragment:26.0.0-alpha1] AndroidManifest.xml:29:5-20
MERGED from [com.android.support:support-core-ui:26.0.0-alpha1] AndroidManifest.xml:29:5-20
MERGED from [com.android.support:support-core-utils:26.0.0-alpha1] AndroidManifest.xml:29:5-20
MERGED from [com.android.support:support-compat:26.0.0-alpha1] AndroidManifest.xml:29:5-20
	android:label
		ADDED from main/module/AndroidManifest.xml:9:9-41
	android:supportsRtl
		ADDED from main/module/AndroidManifest.xml:10:9-35
	android:allowBackup
		ADDED from main/module/AndroidManifest.xml:7:9-36
	android:icon
		ADDED from main/module/AndroidManifest.xml:8:9-43
	android:theme
		ADDED from main/module/AndroidManifest.xml:11:9-40
	android:name
		ADDED from main/module/AndroidManifest.xml:6:9-46
activity#com.wisdudu.module_login.view.LauncherActivity
ADDED from main/module/AndroidManifest.xml:12:9-20:20
	android:screenOrientation
		ADDED from main/module/AndroidManifest.xml:14:13-49
	android:name
		ADDED from main/module/AndroidManifest.xml:13:13-50
intent-filter#android.intent.action.MAIN+android.intent.category.LAUNCHER
ADDED from main/module/AndroidManifest.xml:15:13-19:29
action#android.intent.action.MAIN
ADDED from main/module/AndroidManifest.xml:16:17-69
	android:name
		ADDED from main/module/AndroidManifest.xml:16:25-66
category#android.intent.category.LAUNCHER
ADDED from main/module/AndroidManifest.xml:18:17-77
	android:name
		ADDED from main/module/AndroidManifest.xml:18:27-74
uses-sdk
INJECTED from main/module/AndroidManifest.xml reason: use-sdk injection requested
MERGED from [EhomeNew-2.0:lib_common:unspecified] AndroidManifest.xml:7:5-9:41
MERGED from [com.android.support.constraint:constraint-layout:1.0.2] AndroidManifest.xml:5:5-7:41
MERGED from [com.jakewharton.rxbinding2:rxbinding:2.0.0] AndroidManifest.xml:6:5-44
MERGED from [com.tbruyelle.rxpermissions2:rxpermissions:0.9.4] AndroidManifest.xml:7:5-9:41
MERGED from [com.orhanobut:hawk:2.0.1] AndroidManifest.xml:6:5-44
MERGED from [com.facebook.conceal:conceal:1.1.3] AndroidManifest.xml:12:5-14:41
MERGED from [com.alibaba:arouter-api:1.2.2] AndroidManifest.xml:6:5-8:41
MERGED from [com.jaeger.statusbarutil:library:1.4.0] AndroidManifest.xml:7:5-9:41
MERGED from [com.android.support:design:26.0.0-alpha1] AndroidManifest.xml:21:5-23:62
MERGED from [com.android.support:transition:26.0.0-alpha1] AndroidManifest.xml:20:5-44
MERGED from [EhomeNew-2.0:lib_binding:unspecified] AndroidManifest.xml:7:5-9:41
MERGED from [com.android.support:recyclerview-v7:26.0.0-alpha1] AndroidManifest.xml:20:5-44
MERGED from [jp.wasabeef:glide-transformations:2.0.1] AndroidManifest.xml:8:5-10:41
MERGED from [EhomeNew-2.0:lib_fragmentation:unspecified] AndroidManifest.xml:7:5-9:41
MERGED from [com.trello.rxlifecycle2:rxlifecycle-components:2.1.0] AndroidManifest.xml:17:5-44
MERGED from [com.trello.rxlifecycle2:rxlifecycle-android:2.1.0] AndroidManifest.xml:17:5-44
MERGED from [com.android.support:appcompat-v7:26.0.0-alpha1] AndroidManifest.xml:21:5-23:78
MERGED from [com.android.support:animated-vector-drawable:26.0.0-alpha1] AndroidManifest.xml:20:5-44
MERGED from [com.android.support:support-vector-drawable:26.0.0-alpha1] AndroidManifest.xml:20:5-44
MERGED from [io.reactivex.rxjava2:rxandroid:2.0.1] AndroidManifest.xml:19:5-43
MERGED from [com.android.databinding:adapters:1.3.1] AndroidManifest.xml:22:5-24:41
MERGED from [com.android.databinding:library:1.3.1] AndroidManifest.xml:22:5-24:41
MERGED from [com.android.support:support-v4:26.0.0-alpha1] AndroidManifest.xml:21:5-23:54
MERGED from [com.android.support:support-media-compat:26.0.0-alpha1] AndroidManifest.xml:21:5-23:63
MERGED from [com.android.support:support-fragment:26.0.0-alpha1] AndroidManifest.xml:21:5-23:60
MERGED from [com.android.support:support-core-ui:26.0.0-alpha1] AndroidManifest.xml:21:5-23:58
MERGED from [com.android.support:support-core-utils:26.0.0-alpha1] AndroidManifest.xml:21:5-23:61
MERGED from [com.android.support:support-compat:26.0.0-alpha1] AndroidManifest.xml:21:5-23:58
	tools:overrideLibrary
		ADDED from [com.android.support:design:26.0.0-alpha1] AndroidManifest.xml:23:9-59
	android:targetSdkVersion
		INJECTED from main/module/AndroidManifest.xml
		INJECTED from main/module/AndroidManifest.xml
	android:minSdkVersion
		INJECTED from main/module/AndroidManifest.xml
		INJECTED from main/module/AndroidManifest.xml
uses-permission#android.permission.DISABLE_KEYGUARD
ADDED from [EhomeNew-2.0:lib_common:unspecified] AndroidManifest.xml:11:5-75
	android:name
		ADDED from [EhomeNew-2.0:lib_common:unspecified] AndroidManifest.xml:11:22-72
uses-permission#android.permission.ACCESS_WIFI_STATE
ADDED from [EhomeNew-2.0:lib_common:unspecified] AndroidManifest.xml:12:5-76
	android:name
		ADDED from [EhomeNew-2.0:lib_common:unspecified] AndroidManifest.xml:12:22-73
uses-permission#android.permission.WRITE_EXTERNAL_STORAGE
ADDED from [EhomeNew-2.0:lib_common:unspecified] AndroidManifest.xml:13:5-81
	android:name
		ADDED from [EhomeNew-2.0:lib_common:unspecified] AndroidManifest.xml:13:22-78
uses-permission#android.permission.INTERNET
ADDED from [EhomeNew-2.0:lib_common:unspecified] AndroidManifest.xml:14:5-67
	android:name
		ADDED from [EhomeNew-2.0:lib_common:unspecified] AndroidManifest.xml:14:22-64
uses-permission#android.permission.WAKE_LOCK
ADDED from [EhomeNew-2.0:lib_common:unspecified] AndroidManifest.xml:15:5-68
	android:name
		ADDED from [EhomeNew-2.0:lib_common:unspecified] AndroidManifest.xml:15:22-65
uses-permission#android.permission.WRITE_OWNER_DATA
ADDED from [EhomeNew-2.0:lib_common:unspecified] AndroidManifest.xml:16:5-75
	android:name
		ADDED from [EhomeNew-2.0:lib_common:unspecified] AndroidManifest.xml:16:22-72
uses-permission#android.permission.ACCESS_NETWORK_STATE
ADDED from [EhomeNew-2.0:lib_common:unspecified] AndroidManifest.xml:17:5-79
	android:name
		ADDED from [EhomeNew-2.0:lib_common:unspecified] AndroidManifest.xml:17:22-76
uses-permission#android.permission.CHANGE_CONFIGURATION
ADDED from [EhomeNew-2.0:lib_common:unspecified] AndroidManifest.xml:18:5-79
	android:name
		ADDED from [EhomeNew-2.0:lib_common:unspecified] AndroidManifest.xml:18:22-76
uses-permission#android.permission.ACCESS_FINE_LOCATION
ADDED from [EhomeNew-2.0:lib_common:unspecified] AndroidManifest.xml:19:5-79
	android:name
		ADDED from [EhomeNew-2.0:lib_common:unspecified] AndroidManifest.xml:19:22-76
uses-permission#android.permission.ACCESS_COARSE_LOCATION
ADDED from [EhomeNew-2.0:lib_common:unspecified] AndroidManifest.xml:20:5-81
	android:name
		ADDED from [EhomeNew-2.0:lib_common:unspecified] AndroidManifest.xml:20:22-78
uses-permission#android.permission.READ_PHONE_STATE
ADDED from [EhomeNew-2.0:lib_common:unspecified] AndroidManifest.xml:21:5-75
	android:name
		ADDED from [EhomeNew-2.0:lib_common:unspecified] AndroidManifest.xml:21:22-72
uses-permission#android.permission.PHONE_STATE
ADDED from [EhomeNew-2.0:lib_common:unspecified] AndroidManifest.xml:22:5-70
	android:name
		ADDED from [EhomeNew-2.0:lib_common:unspecified] AndroidManifest.xml:22:22-67
meta-data#android.support.VERSION
ADDED from [com.android.support:design:26.0.0-alpha1] AndroidManifest.xml:25:5-27:41
MERGED from [com.android.support:transition:26.0.0-alpha1] AndroidManifest.xml:22:5-24:41
MERGED from [com.android.support:recyclerview-v7:26.0.0-alpha1] AndroidManifest.xml:22:5-24:41
MERGED from [com.android.support:appcompat-v7:26.0.0-alpha1] AndroidManifest.xml:25:5-27:41
MERGED from [com.android.support:animated-vector-drawable:26.0.0-alpha1] AndroidManifest.xml:22:5-24:41
MERGED from [com.android.support:support-vector-drawable:26.0.0-alpha1] AndroidManifest.xml:22:5-24:41
MERGED from [com.android.support:support-v4:26.0.0-alpha1] AndroidManifest.xml:25:5-27:41
MERGED from [com.android.support:support-media-compat:26.0.0-alpha1] AndroidManifest.xml:25:5-27:41
MERGED from [com.android.support:support-fragment:26.0.0-alpha1] AndroidManifest.xml:25:5-27:41
MERGED from [com.android.support:support-core-ui:26.0.0-alpha1] AndroidManifest.xml:25:5-27:41
MERGED from [com.android.support:support-core-utils:26.0.0-alpha1] AndroidManifest.xml:25:5-27:41
MERGED from [com.android.support:support-compat:26.0.0-alpha1] AndroidManifest.xml:25:5-27:41
	android:value
		ADDED from [com.android.support:design:26.0.0-alpha1] AndroidManifest.xml:27:9-38
	android:name
		ADDED from [com.android.support:design:26.0.0-alpha1] AndroidManifest.xml:26:9-47
meta-data#com.kelin.mvvmlight.https.UnsafeOkHttpGlideModule
ADDED from [EhomeNew-2.0:lib_binding:unspecified] AndroidManifest.xml:12:9-14:43
	android:value
		ADDED from [EhomeNew-2.0:lib_binding:unspecified] AndroidManifest.xml:14:13-40
	android:name
		ADDED from [EhomeNew-2.0:lib_binding:unspecified] AndroidManifest.xml:13:13-77